<?xml version="1.0" encoding="UTF-8"?>
<testng-results ignored="0" total="3" passed="3" failed="0" skipped="0">
  <reporter-output>
  </reporter-output>
  <suite started-at="2021-08-02T05:56:00Z" name="Default suite" finished-at="2021-08-02T05:59:03Z" duration-ms="182329">
    <groups>
    </groups>
    <test started-at="2021-08-02T05:56:00Z" name="Default test" finished-at="2021-08-02T05:59:03Z" duration-ms="182329">
      <class name="tests.MainClass">
        <test-method is-config="true" signature="setup()[pri:0, instance:tests.MainClass@7a67e3c6]" started-at="2021-08-02T05:55:38Z" name="setup" finished-at="2021-08-02T05:56:00Z" duration-ms="22817" status="PASS">
          <reporter-output>
          </reporter-output>
        </test-method> <!-- setup -->
        <test-method is-config="true" signature="dataTable()[pri:0, instance:tests.MainClass@7a67e3c6]" started-at="2021-08-02T05:56:00Z" name="dataTable" finished-at="2021-08-02T05:56:01Z" duration-ms="1011" status="PASS">
          <reporter-output>
          </reporter-output>
        </test-method> <!-- dataTable -->
        <test-method signature="disablePopUpScreen()[pri:0, instance:tests.MainClass@7a67e3c6]" started-at="2021-08-02T05:56:01Z" name="disablePopUpScreen" finished-at="2021-08-02T05:56:03Z" duration-ms="1361" status="PASS">
          <reporter-output>
          </reporter-output>
        </test-method> <!-- disablePopUpScreen -->
        <test-method signature="market()[pri:0, instance:tests.MainClass@7a67e3c6]" started-at="2021-08-02T05:56:03Z" name="market" finished-at="2021-08-02T05:58:26Z" duration-ms="142881" status="PASS">
          <reporter-output>
          </reporter-output>
        </test-method> <!-- market -->
        <test-method signature="signUp()[pri:0, instance:tests.MainClass@7a67e3c6]" started-at="2021-08-02T05:58:26Z" name="signUp" finished-at="2021-08-02T05:59:03Z" duration-ms="37036" status="PASS">
          <reporter-output>
          </reporter-output>
        </test-method> <!-- signUp -->
        <test-method is-config="true" signature="endSession()[pri:0, instance:tests.MainClass@7a67e3c6]" started-at="2021-08-02T05:59:03Z" name="endSession" finished-at="2021-08-02T05:59:13Z" duration-ms="10661" status="PASS">
          <reporter-output>
          </reporter-output>
        </test-method> <!-- endSession -->
      </class> <!-- tests.MainClass -->
    </test> <!-- Default test -->
  </suite> <!-- Default suite -->
</testng-results>
